\BOOKMARK [0][-]{chapter.1}{\376\377\000D\000a\000t\000a\000\040\000S\000t\000r\000u\000c\000t\000u\000r\000e\000\040\000I\000n\000d\000e\000x}{}
\BOOKMARK [1][-]{section.1.1}{\376\377\000D\000a\000t\000a\000\040\000S\000t\000r\000u\000c\000t\000u\000r\000e\000s}{chapter.1}
\BOOKMARK [0][-]{chapter.2}{\376\377\000F\000i\000l\000e\000\040\000I\000n\000d\000e\000x}{}
\BOOKMARK [1][-]{section.2.1}{\376\377\000F\000i\000l\000e\000\040\000L\000i\000s\000t}{chapter.2}
\BOOKMARK [0][-]{chapter.3}{\376\377\000D\000a\000t\000a\000\040\000S\000t\000r\000u\000c\000t\000u\000r\000e\000\040\000D\000o\000c\000u\000m\000e\000n\000t\000a\000t\000i\000o\000n}{}
\BOOKMARK [1][-]{section.3.1}{\376\377\000p\000a\000c\000k\000e\000t\000\137\000s\000t\000r\000u\000c\000t\000\040\000S\000t\000r\000u\000c\000t\000\040\000R\000e\000f\000e\000r\000e\000n\000c\000e}{chapter.3}
\BOOKMARK [2][-]{subsection.3.1.1}{\376\377\000D\000e\000t\000a\000i\000l\000e\000d\000\040\000D\000e\000s\000c\000r\000i\000p\000t\000i\000o\000n}{section.3.1}
\BOOKMARK [2][-]{subsection.3.1.2}{\376\377\000F\000i\000e\000l\000d\000\040\000D\000o\000c\000u\000m\000e\000n\000t\000a\000t\000i\000o\000n}{section.3.1}
\BOOKMARK [3][-]{subsubsection.3.1.2.1}{\376\377\000n\000u\000l\000l\000\137\000t\000e\000r\000m}{subsection.3.1.2}
\BOOKMARK [3][-]{subsubsection.3.1.2.2}{\376\377\000t\000y\000p\000e}{subsection.3.1.2}
\BOOKMARK [3][-]{subsubsection.3.1.2.3}{\376\377\000v\000a\000l\000u\000e}{subsection.3.1.2}
\BOOKMARK [0][-]{chapter.4}{\376\377\000F\000i\000l\000e\000\040\000D\000o\000c\000u\000m\000e\000n\000t\000a\000t\000i\000o\000n}{}
\BOOKMARK [1][-]{section.4.1}{\376\377\000B\000a\000s\000e\000S\000t\000a\000t\000i\000o\000n\000.\000h\000\040\000F\000i\000l\000e\000\040\000R\000e\000f\000e\000r\000e\000n\000c\000e}{chapter.4}
\BOOKMARK [2][-]{subsection.4.1.1}{\376\377\000D\000e\000t\000a\000i\000l\000e\000d\000\040\000D\000e\000s\000c\000r\000i\000p\000t\000i\000o\000n}{section.4.1}
\BOOKMARK [2][-]{subsection.4.1.2}{\376\377\000T\000y\000p\000e\000d\000e\000f\000\040\000D\000o\000c\000u\000m\000e\000n\000t\000a\000t\000i\000o\000n}{section.4.1}
\BOOKMARK [3][-]{subsubsection.4.1.2.1}{\376\377\000p\000a\000c\000k\000e\000t}{subsection.4.1.2}
\BOOKMARK [2][-]{subsection.4.1.3}{\376\377\000E\000n\000u\000m\000e\000r\000a\000t\000i\000o\000n\000\040\000T\000y\000p\000e\000\040\000D\000o\000c\000u\000m\000e\000n\000t\000a\000t\000i\000o\000n}{section.4.1}
\BOOKMARK [3][-]{subsubsection.4.1.3.1}{\376\377\000A\000I\000M\000\137\000H\000\137\000v\000a\000l}{subsection.4.1.3}
\BOOKMARK [3][-]{subsubsection.4.1.3.2}{\376\377\000A\000I\000M\000\137\000V\000\137\000v\000a\000l}{subsection.4.1.3}
\BOOKMARK [3][-]{subsubsection.4.1.3.3}{\376\377\000C\000O\000M\000M\000\137\000m\000o\000d\000e}{subsection.4.1.3}
\BOOKMARK [3][-]{subsubsection.4.1.3.4}{\376\377\000C\000T\000R\000L\000\137\000m\000o\000d\000e}{subsection.4.1.3}
\BOOKMARK [3][-]{subsubsection.4.1.3.5}{\376\377\000F\000I\000R\000E\000\137\000v\000a\000l}{subsection.4.1.3}
\BOOKMARK [3][-]{subsubsection.4.1.3.6}{\376\377\000M\000O\000V\000\137\000v\000a\000l}{subsection.4.1.3}
\BOOKMARK [3][-]{subsubsection.4.1.3.7}{\376\377\000P\000K\000T\000\137\000v\000a\000l\000u\000e}{subsection.4.1.3}
\BOOKMARK [3][-]{subsubsection.4.1.3.8}{\376\377\000P\000R\000I\000N\000T\000\137\000m\000o\000d\000e}{subsection.4.1.3}
\BOOKMARK [3][-]{subsubsection.4.1.3.9}{\376\377\000S\000T\000R\000F\000\137\000L\000\137\000v\000a\000l}{subsection.4.1.3}
\BOOKMARK [3][-]{subsubsection.4.1.3.10}{\376\377\000S\000T\000R\000F\000\137\000R\000\137\000v\000a\000l}{subsection.4.1.3}
\BOOKMARK [3][-]{subsubsection.4.1.3.11}{\376\377\000T\000R\000N\000\137\000v\000a\000l}{subsection.4.1.3}
\BOOKMARK [3][-]{subsubsection.4.1.3.12}{\376\377\000U\000I\000\137\000m\000o\000d\000e}{subsection.4.1.3}
\BOOKMARK [2][-]{subsection.4.1.4}{\376\377\000F\000u\000n\000c\000t\000i\000o\000n\000\040\000D\000o\000c\000u\000m\000e\000n\000t\000a\000t\000i\000o\000n}{section.4.1}
\BOOKMARK [3][-]{subsubsection.4.1.4.1}{\376\377\000p\000r\000i\000n\000t\000m\000s\000g}{subsection.4.1.4}
\BOOKMARK [3][-]{subsubsection.4.1.4.2}{\376\377\000q\000u\000i\000t\000\137\000b\000a\000s\000e}{subsection.4.1.4}
\BOOKMARK [2][-]{subsection.4.1.5}{\376\377\000V\000a\000r\000i\000a\000b\000l\000e\000\040\000D\000o\000c\000u\000m\000e\000n\000t\000a\000t\000i\000o\000n}{section.4.1}
\BOOKMARK [3][-]{subsubsection.4.1.5.1}{\376\377\000t\000e\000r\000m\000b\000u\000f}{subsection.4.1.5}
