Build started 12/1/2011 10:02:47 PM.
     1>Project "C:\Users\Allen\Dropbox\Visual Studio\MovingDot\MovingDot\MovingDot.vcxproj" on node 2 (rebuild target(s)).
     1>_PrepareForClean:
         Deleting file "Debug\MovingDot.lastbuildstate".
       InitializeBuildStatus:
         Creating "Debug\MovingDot.unsuccessfulbuild" because "AlwaysCreate" was specified.
       ClCompile:
         c:\Program Files\Microsoft Visual Studio 10.0\VC\bin\CL.exe /c /ZI /nologo /W3 /WX- /Od /Oy- /D _MBCS /Gm /EHsc /RTC1 /MD /GS /fp:precise /Zc:wchar_t /Zc:forScope /Fo"Debug\\" /Fd"Debug\vc100.pdb" /Gd /TP /analyze- /errorReport:prompt ..\..\lesson25\lesson25\lesson25.cpp
         lesson25.cpp
       Link:
         c:\Program Files\Microsoft Visual Studio 10.0\VC\bin\link.exe /ERRORREPORT:PROMPT /OUT:"C:\Users\Allen\Dropbox\Visual Studio\MovingDot\Debug\MovingDot.exe" /NOLOGO SDL.lib SDLmain.lib SDL_image.lib kernel32.lib user32.lib gdi32.lib winspool.lib comdlg32.lib advapi32.lib shell32.lib ole32.lib oleaut32.lib uuid.lib odbc32.lib odbccp32.lib /MANIFEST /ManifestFile:"Debug\MovingDot.exe.intermediate.manifest" /MANIFESTUAC:"level='asInvoker' uiAccess='false'" /DEBUG /PDB:"C:\Users\Allen\Dropbox\Visual Studio\MovingDot\Debug\MovingDot.pdb" /SUBSYSTEM:WINDOWS /TLBID:1 /DYNAMICBASE /NXCOMPAT /IMPLIB:"C:\Users\Allen\Dropbox\Visual Studio\MovingDot\Debug\MovingDot.lib" /MACHINE:X86 Debug\lesson25.obj
         MovingDot.vcxproj -> C:\Users\Allen\Dropbox\Visual Studio\MovingDot\Debug\MovingDot.exe
       Manifest:
         c:\Program Files\Microsoft SDKs\Windows\v7.0A\bin\mt.exe /nologo /verbose /outputresource:"C:\Users\Allen\Dropbox\Visual Studio\MovingDot\Debug\MovingDot.exe;#1" /manifest Debug\MovingDot.exe.intermediate.manifest
       FinalizeBuildStatus:
         Deleting file "Debug\MovingDot.unsuccessfulbuild".
         Touching "Debug\MovingDot.lastbuildstate".
     1>Done Building Project "C:\Users\Allen\Dropbox\Visual Studio\MovingDot\MovingDot\MovingDot.vcxproj" (rebuild target(s)).

Build succeeded.

Time Elapsed 00:00:33.04
